# JRE version: Java(TM) SE Runtime Environment (8.0_161-b12) (build 1.8.0_161-b12)
# Java VM: Java HotSpot(TM) 64-Bit Server VM (25.161-b12 mixed mode windows-amd64 compressed oops)
Heap:
 PSYoungGen      total 18944K, used 4542K [0x00000000eab80000, 0x00000000ec080000, 0x0000000100000000)
  eden space 16384K, 12% used [0x00000000eab80000,0x00000000ead72250,0x00000000ebb80000)
  from space 2560K, 99% used [0x00000000ebb80000,0x00000000ebdfd898,0x00000000ebe00000)
  to   space 2560K, 0% used [0x00000000ebe00000,0x00000000ebe00000,0x00000000ec080000)
 ParOldGen       total 44032K, used 4318K [0x00000000c0200000, 0x00000000c2d00000, 0x00000000eab80000)
  object space 44032K, 9% used [0x00000000c0200000,0x00000000c0637bd8,0x00000000c2d00000)
 Metaspace       used 15438K, capacity 15710K, committed 15872K, reserved 1062912K
  class space    used 1920K, capacity 2019K, committed 2048K, reserved 1048576K
GC Heap History (6 events):
Event: 4.140 GC heap before
{Heap before GC invocations=1 (full 0):
 PSYoungGen      total 18944K, used 16361K [0x00000000eab80000, 0x00000000ec080000, 0x0000000100000000)
  eden space 16384K, 99% used [0x00000000eab80000,0x00000000ebb7a508,0x00000000ebb80000)
  from space 2560K, 0% used [0x00000000ebe00000,0x00000000ebe00000,0x00000000ec080000)
  to   space 2560K, 0% used [0x00000000ebb80000,0x00000000ebb80000,0x00000000ebe00000)
 ParOldGen       total 44032K, used 0K [0x00000000c0200000, 0x00000000c2d00000, 0x00000000eab80000)
  object space 44032K, 0% used [0x00000000c0200000,0x00000000c0200000,0x00000000c2d00000)
 Metaspace       used 5865K, capacity 6198K, committed 6528K, reserved 1056768K
  class space    used 678K, capacity 796K, committed 896K, reserved 1048576K
Event: 4.156 GC heap after
Heap after GC invocations=1 (full 0):
 PSYoungGen      total 18944K, used 1264K [0x00000000eab80000, 0x00000000ec080000, 0x0000000100000000)
  eden space 16384K, 0% used [0x00000000eab80000,0x00000000eab80000,0x00000000ebb80000)
  from space 2560K, 49% used [0x00000000ebb80000,0x00000000ebcbc160,0x00000000ebe00000)
  to   space 2560K, 0% used [0x00000000ebe00000,0x00000000ebe00000,0x00000000ec080000)
 ParOldGen       total 44032K, used 8K [0x00000000c0200000, 0x00000000c2d00000, 0x00000000eab80000)
  object space 44032K, 0% used [0x00000000c0200000,0x00000000c0202000,0x00000000c2d00000)
 Metaspace       used 5865K, capacity 6198K, committed 6528K, reserved 1056768K
  class space    used 678K, capacity 796K, committed 896K, reserved 1048576K
}
Event: 6.654 GC heap before
{Heap before GC invocations=2 (full 0):
 PSYoungGen      total 18944K, used 17648K [0x00000000eab80000, 0x00000000ec080000, 0x0000000100000000)
  eden space 16384K, 100% used [0x00000000eab80000,0x00000000ebb80000,0x00000000ebb80000)
  from space 2560K, 49% used [0x00000000ebb80000,0x00000000ebcbc160,0x00000000ebe00000)
  to   space 2560K, 0% used [0x00000000ebe00000,0x00000000ebe00000,0x00000000ec080000)
 ParOldGen       total 44032K, used 8K [0x00000000c0200000, 0x00000000c2d00000, 0x00000000eab80000)
  object space 44032K, 0% used [0x00000000c0200000,0x00000000c0202000,0x00000000c2d00000)
 Metaspace       used 10499K, capacity 10808K, committed 11008K, reserved 1058816K
  class space    used 1269K, capacity 1410K, committed 1536K, reserved 1048576K
Event: 6.687 GC heap after
Heap after GC invocations=2 (full 0):
 PSYoungGen      total 18944K, used 2556K [0x00000000eab80000, 0x00000000ec080000, 0x0000000100000000)
  eden space 16384K, 0% used [0x00000000eab80000,0x00000000eab80000,0x00000000ebb80000)
  from space 2560K, 99% used [0x00000000ebe00000,0x00000000ec07f1d0,0x00000000ec080000)
  to   space 2560K, 0% used [0x00000000ebb80000,0x00000000ebb80000,0x00000000ebe00000)
 ParOldGen       total 44032K, used 1332K [0x00000000c0200000, 0x00000000c2d00000, 0x00000000eab80000)
  object space 44032K, 3% used [0x00000000c0200000,0x00000000c034d088,0x00000000c2d00000)
 Metaspace       used 10499K, capacity 10808K, committed 11008K, reserved 1058816K
  class space    used 1269K, capacity 1410K, committed 1536K, reserved 1048576K
}
Event: 10.355 GC heap before
{Heap before GC invocations=3 (full 0):
 PSYoungGen      total 18944K, used 18940K [0x00000000eab80000, 0x00000000ec080000, 0x0000000100000000)
  eden space 16384K, 100% used [0x00000000eab80000,0x00000000ebb80000,0x00000000ebb80000)
  from space 2560K, 99% used [0x00000000ebe00000,0x00000000ec07f1d0,0x00000000ec080000)
  to   space 2560K, 0% used [0x00000000ebb80000,0x00000000ebb80000,0x00000000ebe00000)
 ParOldGen       total 44032K, used 1332K [0x00000000c0200000, 0x00000000c2d00000, 0x00000000eab80000)
  object space 44032K, 3% used [0x00000000c0200000,0x00000000c034d088,0x00000000c2d00000)
 Metaspace       used 15085K, capacity 15358K, committed 15616K, reserved 1062912K
  class space    used 1868K, capacity 1987K, committed 2048K, reserved 1048576K
Event: 10.398 GC heap after
Heap after GC invocations=3 (full 0):
 PSYoungGen      total 18944K, used 2550K [0x00000000eab80000, 0x00000000ec080000, 0x0000000100000000)
  eden space 16384K, 0% used [0x00000000eab80000,0x00000000eab80000,0x00000000ebb80000)
  from space 2560K, 99% used [0x00000000ebb80000,0x00000000ebdfd898,0x00000000ebe00000)
  to   space 2560K, 0% used [0x00000000ebe00000,0x00000000ebe00000,0x00000000ec080000)
 ParOldGen       total 44032K, used 4318K [0x00000000c0200000, 0x00000000c2d00000, 0x00000000eab80000)
  object space 44032K, 9% used [0x00000000c0200000,0x00000000c0637bd8,0x00000000c2d00000)
 Metaspace       used 15085K, capacity 15358K, committed 15616K, reserved 1062912K
  class space    used 1868K, capacity 1987K, committed 2048K, reserved 1048576K
}

